1/10/2020 18:51:14 Saurus paso a nivel 3 gano HP: 9
1/10/2020 18:51:14 Saurus paso a nivel 4 gano HP: 7
1/10/2020 18:51:14 Saurus paso a nivel 5 gano HP: 8
1/10/2020 18:51:14 Saurus paso a nivel 6 gano HP: 6
1/10/2020 18:51:14 Saurus paso a nivel 7 gano HP: 9
1/10/2020 18:51:14 Saurus paso a nivel 8 gano HP: 6
1/10/2020 18:51:14 Saurus paso a nivel 9 gano HP: 7
1/10/2020 18:51:14 Saurus paso a nivel 10 gano HP: 8
1/10/2020 18:51:14 Saurus paso a nivel 11 gano HP: 9
1/10/2020 18:51:14 Saurus paso a nivel 12 gano HP: 8
1/10/2020 18:51:14 Saurus paso a nivel 13 gano HP: 9
1/10/2020 18:51:14 Saurus paso a nivel 14 gano HP: 6
1/10/2020 18:51:14 Saurus paso a nivel 15 gano HP: 9
1/10/2020 18:51:14 Saurus paso a nivel 16 gano HP: 9
1/10/2020 18:51:14 Saurus paso a nivel 17 gano HP: 8
1/10/2020 18:51:14 Saurus paso a nivel 18 gano HP: 7
1/10/2020 18:51:14 Saurus paso a nivel 19 gano HP: 6
1/10/2020 18:51:14 Saurus paso a nivel 20 gano HP: 7
1/10/2020 18:51:14 Saurus paso a nivel 21 gano HP: 8
1/10/2020 18:51:14 Saurus paso a nivel 22 gano HP: 6
1/10/2020 18:51:14 Saurus paso a nivel 23 gano HP: 6
1/10/2020 18:51:14 Saurus paso a nivel 24 gano HP: 7
1/10/2020 18:51:14 Saurus paso a nivel 25 gano HP: 7
1/10/2020 18:51:14 Saurus paso a nivel 26 gano HP: 6
1/10/2020 18:51:14 Saurus paso a nivel 27 gano HP: 8
1/10/2020 18:51:14 Saurus paso a nivel 28 gano HP: 8
1/10/2020 18:51:14 Saurus paso a nivel 29 gano HP: 8
1/10/2020 18:51:14 Saurus paso a nivel 30 gano HP: 7
1/10/2020 18:51:14 Saurus paso a nivel 31 gano HP: 9
1/10/2020 18:51:14 Saurus paso a nivel 32 gano HP: 8
1/10/2020 18:51:14 Saurus paso a nivel 33 gano HP: 7
1/10/2020 18:51:14 Saurus paso a nivel 34 gano HP: 6
2/10/2020 21:38:07 Saurus tira oro. Cercanos: Saurus,
2/10/2020 21:41:50 Saurus tira oro. Cercanos: Saurus,
2/10/2020 21:46:21 Saurus tira oro. Cercanos: Saurus,
2/10/2020 21:47:34 Saurus tira oro. Cercanos: Saurus,
2/10/2020 21:48:20 Saurus tira oro. Cercanos: Saurus,
2/10/2020 21:58:29 Saurus tira oro. Cercanos: Saurus,
2/10/2020 21:58:59 Saurus tira oro. Cercanos: Saurus,
2/10/2020 21:59:01 Saurus tira oro. Cercanos: Saurus,
2/10/2020 21:59:03 Saurus tira oro. Cercanos: Saurus,
2/10/2020 22:19:03 Saurus tira oro. Cercanos: Saurus,
2/10/2020 22:19:19 Saurus tira oro. Cercanos: Saurus,
2/10/2020 22:19:21 Saurus tira oro. Cercanos: Saurus,
2/10/2020 22:20:06 Saurus tira oro. Cercanos: Saurus,
2/10/2020 22:20:07 Saurus tira oro. Cercanos: Saurus,
2/10/2020 22:20:09 Saurus tira oro. Cercanos: Saurus,
2/10/2020 22:20:30 Saurus tira oro. Cercanos: Saurus,
2/10/2020 22:31:07 Saurus tira oro. Cercanos: Saurus,
2/10/2020 22:31:09 Saurus tira oro. Cercanos: Saurus,
2/10/2020 23:50:12 Saurus tira oro. Cercanos: Saurus,
3/10/2020 02:10:51 Saurus tira oro. Cercanos: Saurus,
3/10/2020 02:11:15 Saurus tira oro. Cercanos: Saurus,
3/10/2020 02:11:19 Saurus tira oro. Cercanos: Saurus,
4/10/2020 16:16:04 Saurus tira oro. Cercanos: Saurus,
4/10/2020 16:16:32 Saurus tira oro. Cercanos: Saurus,
4/10/2020 17:55:24 Saurus paso a nivel 2 gano HP: 9
4/10/2020 17:55:24 Saurus paso a nivel 3 gano HP: 7
4/10/2020 17:55:24 Saurus paso a nivel 4 gano HP: 7
4/10/2020 17:55:24 Saurus paso a nivel 5 gano HP: 9
4/10/2020 17:55:24 Saurus paso a nivel 6 gano HP: 6
4/10/2020 17:55:24 Saurus paso a nivel 7 gano HP: 7
4/10/2020 17:55:24 Saurus paso a nivel 8 gano HP: 7
4/10/2020 17:55:24 Saurus paso a nivel 9 gano HP: 8
4/10/2020 17:55:24 Saurus paso a nivel 10 gano HP: 9
4/10/2020 17:55:24 Saurus paso a nivel 11 gano HP: 6
4/10/2020 17:55:24 Saurus paso a nivel 12 gano HP: 8
4/10/2020 17:55:24 Saurus paso a nivel 13 gano HP: 6
4/10/2020 17:55:24 Saurus paso a nivel 14 gano HP: 7
4/10/2020 17:55:24 Saurus paso a nivel 15 gano HP: 6
4/10/2020 17:55:24 Saurus paso a nivel 16 gano HP: 9
4/10/2020 17:55:24 Saurus paso a nivel 17 gano HP: 9
4/10/2020 17:55:24 Saurus paso a nivel 18 gano HP: 9
4/10/2020 17:55:24 Saurus paso a nivel 19 gano HP: 9
4/10/2020 17:55:24 Saurus paso a nivel 20 gano HP: 8
4/10/2020 17:55:24 Saurus paso a nivel 21 gano HP: 9
4/10/2020 17:55:24 Saurus paso a nivel 22 gano HP: 9
4/10/2020 17:55:24 Saurus paso a nivel 23 gano HP: 7
4/10/2020 17:55:24 Saurus paso a nivel 24 gano HP: 7
4/10/2020 17:55:24 Saurus paso a nivel 25 gano HP: 7
4/10/2020 17:55:24 Saurus paso a nivel 26 gano HP: 6
4/10/2020 17:55:24 Saurus paso a nivel 27 gano HP: 9
4/10/2020 17:55:24 Saurus paso a nivel 28 gano HP: 9
4/10/2020 17:55:24 Saurus paso a nivel 29 gano HP: 7
4/10/2020 17:55:24 Saurus paso a nivel 30 gano HP: 8
4/10/2020 17:55:24 Saurus paso a nivel 31 gano HP: 8
4/10/2020 17:55:24 Saurus paso a nivel 32 gano HP: 9
4/10/2020 17:55:24 Saurus paso a nivel 33 gano HP: 7
4/10/2020 17:55:24 Saurus paso a nivel 34 gano HP: 6
4/10/2020 17:55:40 Saurus paso a nivel 35 gano HP: 9
4/10/2020 17:55:40 Saurus paso a nivel 36 gano HP: 7
4/10/2020 17:55:40 Saurus paso a nivel 37 gano HP: 9
4/10/2020 17:55:45 Saurus paso a nivel 38 gano HP: 8
4/10/2020 17:55:45 Saurus paso a nivel 39 gano HP: 8
4/10/2020 17:55:48 Saurus paso a nivel 40 gano HP: 8
4/10/2020 17:55:49 Saurus paso a nivel 41 gano HP: 7
4/10/2020 17:55:49 Saurus paso a nivel 42 gano HP: 9
4/10/2020 17:55:50 Saurus paso a nivel 43 gano HP: 9
4/10/2020 17:55:51 Saurus paso a nivel 44 gano HP: 9
4/10/2020 17:55:51 Saurus paso a nivel 45 gano HP: 8
4/10/2020 17:55:52 Saurus paso a nivel 46 gano HP: 9
4/10/2020 17:55:55 Saurus paso a nivel 47 gano HP: 8
4/10/2020 17:55:56 Saurus paso a nivel 48 gano HP: 9
4/10/2020 17:55:59 Saurus paso a nivel 49 gano HP: 8
4/10/2020 17:56:01 Saurus paso a nivel 50 gano HP: 7
4/10/2020 17:59:37 Saurus tira oro. Cercanos: Saurus,
4/10/2020 17:59:46 Saurus tira oro. Cercanos: Saurus,
4/10/2020 18:00:11 Saurus compró del NPC 1000 Poción Roja
4/10/2020 18:00:13 Saurus compró del NPC 1000 Poción Azul
4/10/2020 18:06:05 Saurus tira oro. Cercanos: Saurus,
4/10/2020 18:06:06 Saurus tira oro. Cercanos: Saurus,
4/10/2020 18:06:08 Saurus tira oro. Cercanos: Saurus,
4/10/2020 18:06:09 Saurus tira oro. Cercanos: Saurus,
4/10/2020 18:06:11 Saurus tira oro. Cercanos: Saurus,
4/10/2020 18:06:14 Saurus tira oro. Cercanos: Saurus,
4/10/2020 18:06:16 Saurus tira oro. Cercanos: Saurus,
4/10/2020 18:06:18 Saurus tira oro. Cercanos: Saurus,
4/10/2020 18:06:19 Saurus tira oro. Cercanos: Saurus,
4/10/2020 18:06:21 Saurus tira oro. Cercanos: Saurus,
4/10/2020 19:45:03 Saurus tira oro. Cercanos: Saurus,
4/10/2020 19:45:14 Saurus tira oro. Cercanos: Saurus,
4/10/2020 19:45:33 Saurus tira oro. Cercanos: Saurus,
4/10/2020 19:59:41 SAURUS paso a nivel 2 gano HP: 7
4/10/2020 22:05:38 Saurus paso a nivel 3 gano HP: 8
4/10/2020 22:05:38 Saurus paso a nivel 4 gano HP: 7
4/10/2020 22:05:38 Saurus paso a nivel 5 gano HP: 9
4/10/2020 22:05:38 Saurus paso a nivel 6 gano HP: 5
4/10/2020 22:05:38 Saurus paso a nivel 7 gano HP: 5
4/10/2020 22:05:38 Saurus paso a nivel 8 gano HP: 5
4/10/2020 22:05:38 Saurus paso a nivel 9 gano HP: 6
4/10/2020 22:05:38 Saurus paso a nivel 10 gano HP: 9
4/10/2020 22:05:38 Saurus paso a nivel 11 gano HP: 5
4/10/2020 22:05:38 Saurus paso a nivel 12 gano HP: 5
4/10/2020 22:05:38 Saurus paso a nivel 13 gano HP: 6
4/10/2020 22:05:38 Saurus paso a nivel 14 gano HP: 6
4/10/2020 22:05:38 Saurus paso a nivel 15 gano HP: 9
4/10/2020 22:05:38 Saurus paso a nivel 16 gano HP: 7
4/10/2020 22:05:38 Saurus paso a nivel 17 gano HP: 9
4/10/2020 22:05:38 Saurus paso a nivel 18 gano HP: 5
4/10/2020 22:05:38 Saurus paso a nivel 19 gano HP: 5
4/10/2020 22:05:38 Saurus paso a nivel 20 gano HP: 6
4/10/2020 22:05:38 Saurus paso a nivel 21 gano HP: 5
4/10/2020 22:05:38 Saurus paso a nivel 22 gano HP: 9
4/10/2020 22:05:38 Saurus paso a nivel 23 gano HP: 6
4/10/2020 22:05:38 Saurus paso a nivel 24 gano HP: 7
4/10/2020 22:05:38 Saurus paso a nivel 25 gano HP: 5
4/10/2020 22:05:38 Saurus paso a nivel 26 gano HP: 6
4/10/2020 22:05:38 Saurus paso a nivel 27 gano HP: 9
4/10/2020 22:05:38 Saurus paso a nivel 28 gano HP: 6
4/10/2020 22:05:38 Saurus paso a nivel 29 gano HP: 7
4/10/2020 22:05:38 Saurus paso a nivel 30 gano HP: 9
4/10/2020 22:05:38 Saurus paso a nivel 31 gano HP: 7
4/10/2020 22:05:38 Saurus paso a nivel 32 gano HP: 6
4/10/2020 22:05:38 Saurus paso a nivel 33 gano HP: 8
4/10/2020 22:05:38 Saurus paso a nivel 34 gano HP: 5
4/10/2020 22:05:39 Saurus paso a nivel 35 gano HP: 7
4/10/2020 22:05:39 Saurus paso a nivel 36 gano HP: 8
4/10/2020 22:05:39 Saurus paso a nivel 37 gano HP: 5
4/10/2020 22:05:39 Saurus paso a nivel 38 gano HP: 6
4/10/2020 22:05:39 Saurus paso a nivel 39 gano HP: 5
4/10/2020 22:05:40 Saurus paso a nivel 40 gano HP: 6
4/10/2020 22:05:40 Saurus paso a nivel 41 gano HP: 9
4/10/2020 22:05:40 Saurus paso a nivel 42 gano HP: 9
4/10/2020 22:05:41 Saurus paso a nivel 43 gano HP: 8
4/10/2020 22:05:41 Saurus paso a nivel 44 gano HP: 6
4/10/2020 22:05:42 Saurus paso a nivel 45 gano HP: 7
4/10/2020 22:05:43 Saurus paso a nivel 46 gano HP: 8
4/10/2020 22:05:45 Saurus paso a nivel 47 gano HP: 5
4/10/2020 22:05:46 Saurus paso a nivel 48 gano HP: 5
4/10/2020 22:05:48 Saurus paso a nivel 49 gano HP: 9
4/10/2020 22:05:50 Saurus paso a nivel 50 gano HP: 7
5/10/2020 00:47:32 Saurus paso a nivel 3 gano HP: 9
5/10/2020 00:47:32 Saurus paso a nivel 4 gano HP: 8
5/10/2020 00:47:32 Saurus paso a nivel 5 gano HP: 5
5/10/2020 00:47:32 Saurus paso a nivel 6 gano HP: 6
5/10/2020 00:47:32 Saurus paso a nivel 7 gano HP: 8
5/10/2020 00:47:32 Saurus paso a nivel 8 gano HP: 5
5/10/2020 00:47:32 Saurus paso a nivel 9 gano HP: 5
5/10/2020 00:47:32 Saurus paso a nivel 10 gano HP: 9
5/10/2020 00:47:32 Saurus paso a nivel 11 gano HP: 5
5/10/2020 00:47:32 Saurus paso a nivel 12 gano HP: 8
5/10/2020 00:47:32 Saurus paso a nivel 13 gano HP: 7
5/10/2020 00:47:32 Saurus paso a nivel 14 gano HP: 6
5/10/2020 00:47:32 Saurus paso a nivel 15 gano HP: 9
5/10/2020 00:47:32 Saurus paso a nivel 16 gano HP: 7
5/10/2020 00:47:32 Saurus paso a nivel 17 gano HP: 7
5/10/2020 00:47:32 Saurus paso a nivel 18 gano HP: 8
5/10/2020 00:47:32 Saurus paso a nivel 19 gano HP: 7
5/10/2020 00:47:32 Saurus paso a nivel 20 gano HP: 7
5/10/2020 00:47:32 Saurus paso a nivel 21 gano HP: 8
5/10/2020 00:47:32 Saurus paso a nivel 22 gano HP: 8
5/10/2020 00:47:32 Saurus paso a nivel 23 gano HP: 6
5/10/2020 00:47:32 Saurus paso a nivel 24 gano HP: 6
5/10/2020 00:47:32 Saurus paso a nivel 25 gano HP: 7
5/10/2020 00:47:32 Saurus paso a nivel 26 gano HP: 5
5/10/2020 00:47:32 Saurus paso a nivel 27 gano HP: 5
5/10/2020 00:47:32 Saurus paso a nivel 28 gano HP: 9
5/10/2020 00:47:32 Saurus paso a nivel 29 gano HP: 6
5/10/2020 00:47:32 Saurus paso a nivel 30 gano HP: 5
5/10/2020 00:47:32 Saurus paso a nivel 31 gano HP: 9
5/10/2020 00:47:32 Saurus paso a nivel 32 gano HP: 7
5/10/2020 00:47:32 Saurus paso a nivel 33 gano HP: 9
5/10/2020 00:47:32 Saurus paso a nivel 34 gano HP: 5
5/10/2020 00:47:32 Saurus paso a nivel 35 gano HP: 6
5/10/2020 00:47:32 Saurus paso a nivel 36 gano HP: 9
5/10/2020 00:47:32 Saurus paso a nivel 37 gano HP: 7
5/10/2020 00:47:32 Saurus paso a nivel 38 gano HP: 9
5/10/2020 00:47:32 Saurus paso a nivel 39 gano HP: 9
5/10/2020 00:47:32 Saurus paso a nivel 40 gano HP: 6
5/10/2020 00:47:32 Saurus paso a nivel 41 gano HP: 8
5/10/2020 00:47:32 Saurus paso a nivel 42 gano HP: 9
5/10/2020 00:47:32 Saurus paso a nivel 43 gano HP: 8
5/10/2020 00:47:32 Saurus paso a nivel 44 gano HP: 8
5/10/2020 00:47:32 Saurus paso a nivel 45 gano HP: 8
5/10/2020 00:47:33 Saurus paso a nivel 3 gano HP: 5
5/10/2020 00:47:33 Saurus paso a nivel 4 gano HP: 8
5/10/2020 00:47:33 Saurus paso a nivel 5 gano HP: 8
5/10/2020 00:47:33 Saurus paso a nivel 6 gano HP: 9
5/10/2020 00:47:33 Saurus paso a nivel 7 gano HP: 9
5/10/2020 00:47:33 Saurus paso a nivel 8 gano HP: 7
5/10/2020 00:47:33 Saurus paso a nivel 9 gano HP: 8
5/10/2020 00:47:33 Saurus paso a nivel 10 gano HP: 8
5/10/2020 00:47:33 Saurus paso a nivel 11 gano HP: 6
5/10/2020 00:47:33 Saurus paso a nivel 12 gano HP: 8
5/10/2020 00:47:33 Saurus paso a nivel 13 gano HP: 7
5/10/2020 00:47:33 Saurus paso a nivel 14 gano HP: 9
5/10/2020 00:47:33 Saurus paso a nivel 15 gano HP: 9
5/10/2020 00:47:33 Saurus paso a nivel 16 gano HP: 7
5/10/2020 00:47:33 Saurus paso a nivel 17 gano HP: 9
5/10/2020 00:47:33 Saurus paso a nivel 18 gano HP: 7
5/10/2020 00:47:33 Saurus paso a nivel 19 gano HP: 5
5/10/2020 00:47:33 Saurus paso a nivel 20 gano HP: 8
5/10/2020 00:47:33 Saurus paso a nivel 21 gano HP: 6
5/10/2020 00:47:33 Saurus paso a nivel 22 gano HP: 8
5/10/2020 00:47:33 Saurus paso a nivel 23 gano HP: 8
5/10/2020 00:47:33 Saurus paso a nivel 24 gano HP: 5
5/10/2020 00:47:33 Saurus paso a nivel 25 gano HP: 7
5/10/2020 00:47:33 Saurus paso a nivel 26 gano HP: 7
5/10/2020 00:47:33 Saurus paso a nivel 27 gano HP: 8
5/10/2020 00:47:33 Saurus paso a nivel 28 gano HP: 9
5/10/2020 00:47:34 Saurus paso a nivel 29 gano HP: 7
5/10/2020 00:47:34 Saurus paso a nivel 30 gano HP: 6
5/10/2020 00:47:34 Saurus paso a nivel 31 gano HP: 5
5/10/2020 00:47:34 Saurus paso a nivel 32 gano HP: 6
5/10/2020 00:47:34 Saurus paso a nivel 33 gano HP: 9
5/10/2020 00:47:34 Saurus paso a nivel 34 gano HP: 7
5/10/2020 00:47:34 Saurus paso a nivel 35 gano HP: 5
5/10/2020 00:47:34 Saurus paso a nivel 36 gano HP: 8
5/10/2020 00:47:34 Saurus paso a nivel 37 gano HP: 6
5/10/2020 00:47:34 Saurus paso a nivel 38 gano HP: 7
5/10/2020 00:47:34 Saurus paso a nivel 39 gano HP: 7
5/10/2020 00:47:34 Saurus paso a nivel 40 gano HP: 7
5/10/2020 00:47:34 Saurus paso a nivel 41 gano HP: 8
5/10/2020 00:47:34 Saurus paso a nivel 42 gano HP: 8
5/10/2020 00:47:34 Saurus paso a nivel 43 gano HP: 8
5/10/2020 00:47:34 Saurus paso a nivel 44 gano HP: 9
5/10/2020 00:47:34 Saurus paso a nivel 45 gano HP: 9
5/10/2020 00:47:34 Saurus paso a nivel 46 gano HP: 5
5/10/2020 00:47:34 Saurus paso a nivel 47 gano HP: 9
5/10/2020 00:47:34 Saurus paso a nivel 48 gano HP: 8
5/10/2020 00:47:34 Saurus paso a nivel 49 gano HP: 8
5/10/2020 00:47:34 Saurus paso a nivel 50 gano HP: 7
5/10/2020 00:48:01 Saurus paso a nivel 3 gano HP: 7
5/10/2020 00:48:01 Saurus paso a nivel 4 gano HP: 8
5/10/2020 00:48:01 Saurus paso a nivel 5 gano HP: 8
5/10/2020 00:48:01 Saurus paso a nivel 6 gano HP: 6
5/10/2020 00:48:01 Saurus paso a nivel 7 gano HP: 9
5/10/2020 00:48:01 Saurus paso a nivel 8 gano HP: 6
5/10/2020 00:48:01 Saurus paso a nivel 9 gano HP: 6
5/10/2020 00:48:01 Saurus paso a nivel 10 gano HP: 6
5/10/2020 00:48:01 Saurus paso a nivel 11 gano HP: 9
5/10/2020 00:48:01 Saurus paso a nivel 12 gano HP: 8
5/10/2020 00:48:01 Saurus paso a nivel 13 gano HP: 5
5/10/2020 00:48:01 Saurus paso a nivel 14 gano HP: 6
5/10/2020 00:48:01 Saurus paso a nivel 15 gano HP: 8
5/10/2020 00:48:01 Saurus paso a nivel 16 gano HP: 5
5/10/2020 00:48:01 Saurus paso a nivel 17 gano HP: 5
5/10/2020 00:48:01 Saurus paso a nivel 18 gano HP: 9
5/10/2020 00:48:01 Saurus paso a nivel 19 gano HP: 5
5/10/2020 00:48:01 Saurus paso a nivel 20 gano HP: 8
5/10/2020 00:48:01 Saurus paso a nivel 21 gano HP: 7
5/10/2020 00:48:01 Saurus paso a nivel 22 gano HP: 6
5/10/2020 00:48:01 Saurus paso a nivel 23 gano HP: 9
5/10/2020 00:48:01 Saurus paso a nivel 24 gano HP: 7
5/10/2020 00:48:01 Saurus paso a nivel 25 gano HP: 7
5/10/2020 00:48:01 Saurus paso a nivel 26 gano HP: 8
5/10/2020 00:48:01 Saurus paso a nivel 27 gano HP: 7
5/10/2020 00:48:01 Saurus paso a nivel 28 gano HP: 7
5/10/2020 00:48:01 Saurus paso a nivel 29 gano HP: 8
5/10/2020 00:48:01 Saurus paso a nivel 30 gano HP: 8
5/10/2020 00:48:01 Saurus paso a nivel 31 gano HP: 6
5/10/2020 00:48:01 Saurus paso a nivel 32 gano HP: 6
5/10/2020 00:48:01 Saurus paso a nivel 33 gano HP: 7
5/10/2020 00:48:01 Saurus paso a nivel 34 gano HP: 5
5/10/2020 00:48:01 Saurus paso a nivel 35 gano HP: 5
5/10/2020 00:48:01 Saurus paso a nivel 36 gano HP: 9
5/10/2020 00:48:01 Saurus paso a nivel 37 gano HP: 6
5/10/2020 00:48:01 Saurus paso a nivel 38 gano HP: 5
5/10/2020 00:48:01 Saurus paso a nivel 39 gano HP: 9
5/10/2020 00:48:01 Saurus paso a nivel 40 gano HP: 7
5/10/2020 00:48:01 Saurus paso a nivel 41 gano HP: 9
5/10/2020 00:48:01 Saurus paso a nivel 42 gano HP: 5
5/10/2020 00:48:01 Saurus paso a nivel 43 gano HP: 6
5/10/2020 00:48:01 Saurus paso a nivel 44 gano HP: 9
5/10/2020 00:48:01 Saurus paso a nivel 45 gano HP: 7
5/10/2020 00:48:05 Saurus paso a nivel 3 gano HP: 9
5/10/2020 00:48:05 Saurus paso a nivel 4 gano HP: 6
5/10/2020 00:48:05 Saurus paso a nivel 5 gano HP: 8
5/10/2020 00:48:05 Saurus paso a nivel 6 gano HP: 9
5/10/2020 00:48:05 Saurus paso a nivel 7 gano HP: 8
5/10/2020 00:48:05 Saurus paso a nivel 8 gano HP: 8
5/10/2020 00:48:05 Saurus paso a nivel 9 gano HP: 8
5/10/2020 00:48:05 Saurus paso a nivel 10 gano HP: 5
5/10/2020 00:48:05 Saurus paso a nivel 11 gano HP: 5
5/10/2020 00:48:05 Saurus paso a nivel 12 gano HP: 8
5/10/2020 00:48:05 Saurus paso a nivel 13 gano HP: 8
5/10/2020 00:48:05 Saurus paso a nivel 14 gano HP: 9
5/10/2020 00:48:05 Saurus paso a nivel 15 gano HP: 9
5/10/2020 00:48:05 Saurus paso a nivel 16 gano HP: 7
5/10/2020 00:48:05 Saurus paso a nivel 17 gano HP: 8
5/10/2020 00:48:05 Saurus paso a nivel 18 gano HP: 8
5/10/2020 00:48:05 Saurus paso a nivel 19 gano HP: 6
5/10/2020 00:48:05 Saurus paso a nivel 20 gano HP: 8
5/10/2020 00:48:05 Saurus paso a nivel 21 gano HP: 7
5/10/2020 00:48:05 Saurus paso a nivel 22 gano HP: 9
5/10/2020 00:48:05 Saurus paso a nivel 23 gano HP: 9
5/10/2020 00:48:05 Saurus paso a nivel 24 gano HP: 7
5/10/2020 00:48:05 Saurus paso a nivel 25 gano HP: 9
5/10/2020 00:48:05 Saurus paso a nivel 26 gano HP: 7
5/10/2020 00:48:05 Saurus paso a nivel 27 gano HP: 5
5/10/2020 00:48:05 Saurus paso a nivel 28 gano HP: 8
5/10/2020 00:48:05 Saurus paso a nivel 29 gano HP: 6
5/10/2020 00:48:05 Saurus paso a nivel 30 gano HP: 8
5/10/2020 00:48:05 Saurus paso a nivel 31 gano HP: 8
5/10/2020 00:48:05 Saurus paso a nivel 32 gano HP: 5
5/10/2020 00:48:05 Saurus paso a nivel 33 gano HP: 7
5/10/2020 00:48:05 Saurus paso a nivel 34 gano HP: 7
5/10/2020 00:48:05 Saurus paso a nivel 35 gano HP: 8
5/10/2020 00:48:05 Saurus paso a nivel 36 gano HP: 9
5/10/2020 00:48:05 Saurus paso a nivel 37 gano HP: 7
5/10/2020 00:48:05 Saurus paso a nivel 38 gano HP: 6
5/10/2020 00:48:05 Saurus paso a nivel 39 gano HP: 5
5/10/2020 00:48:05 Saurus paso a nivel 40 gano HP: 6
5/10/2020 00:48:05 Saurus paso a nivel 41 gano HP: 9
5/10/2020 00:48:05 Saurus paso a nivel 42 gano HP: 7
5/10/2020 00:48:05 Saurus paso a nivel 43 gano HP: 5
5/10/2020 00:48:05 Saurus paso a nivel 44 gano HP: 8
5/10/2020 00:48:05 Saurus paso a nivel 45 gano HP: 6
5/10/2020 00:48:05 Saurus paso a nivel 46 gano HP: 7
5/10/2020 00:48:05 Saurus paso a nivel 47 gano HP: 7
5/10/2020 00:48:05 Saurus paso a nivel 48 gano HP: 7
5/10/2020 00:48:05 Saurus paso a nivel 49 gano HP: 8
5/10/2020 00:48:05 Saurus paso a nivel 50 gano HP: 8
5/10/2020 00:49:41 SAURUS paso a nivel 2 gano HP: 10
5/10/2020 00:49:41 SAURUS paso a nivel 3 gano HP: 6
5/10/2020 00:49:41 SAURUS paso a nivel 4 gano HP: 10
5/10/2020 00:49:41 SAURUS paso a nivel 5 gano HP: 9
5/10/2020 00:49:41 SAURUS paso a nivel 6 gano HP: 9
5/10/2020 00:49:41 SAURUS paso a nivel 7 gano HP: 8
5/10/2020 00:49:41 SAURUS paso a nivel 8 gano HP: 10
5/10/2020 00:49:41 SAURUS paso a nivel 9 gano HP: 8
5/10/2020 00:49:41 SAURUS paso a nivel 10 gano HP: 10
5/10/2020 00:49:41 SAURUS paso a nivel 11 gano HP: 8
5/10/2020 00:49:41 SAURUS paso a nivel 12 gano HP: 8
5/10/2020 00:49:41 SAURUS paso a nivel 13 gano HP: 10
5/10/2020 00:49:41 SAURUS paso a nivel 14 gano HP: 6
5/10/2020 00:49:41 SAURUS paso a nivel 15 gano HP: 7
5/10/2020 00:49:41 SAURUS paso a nivel 16 gano HP: 8
5/10/2020 00:49:41 SAURUS paso a nivel 17 gano HP: 9
5/10/2020 00:49:41 SAURUS paso a nivel 18 gano HP: 10
5/10/2020 00:49:41 SAURUS paso a nivel 19 gano HP: 7
5/10/2020 00:49:41 SAURUS paso a nivel 20 gano HP: 8
5/10/2020 00:49:41 SAURUS paso a nivel 21 gano HP: 7
5/10/2020 00:49:41 SAURUS paso a nivel 22 gano HP: 8
5/10/2020 00:49:41 SAURUS paso a nivel 23 gano HP: 7
5/10/2020 00:49:41 SAURUS paso a nivel 24 gano HP: 10
5/10/2020 00:49:41 SAURUS paso a nivel 25 gano HP: 10
5/10/2020 00:49:41 SAURUS paso a nivel 26 gano HP: 10
5/10/2020 00:49:41 SAURUS paso a nivel 27 gano HP: 10
5/10/2020 00:49:41 SAURUS paso a nivel 28 gano HP: 9
5/10/2020 00:49:41 SAURUS paso a nivel 29 gano HP: 10
5/10/2020 00:49:41 SAURUS paso a nivel 30 gano HP: 10
5/10/2020 00:49:41 SAURUS paso a nivel 31 gano HP: 8
5/10/2020 00:49:41 SAURUS paso a nivel 32 gano HP: 7
5/10/2020 00:49:41 SAURUS paso a nivel 33 gano HP: 8
5/10/2020 00:49:41 SAURUS paso a nivel 34 gano HP: 7
5/10/2020 00:49:42 SAURUS paso a nivel 35 gano HP: 10
5/10/2020 00:49:42 SAURUS paso a nivel 36 gano HP: 10
5/10/2020 00:49:42 SAURUS paso a nivel 37 gano HP: 7
5/10/2020 00:49:42 SAURUS paso a nivel 38 gano HP: 9
5/10/2020 00:49:42 SAURUS paso a nivel 39 gano HP: 9
5/10/2020 00:49:43 SAURUS paso a nivel 40 gano HP: 10
5/10/2020 00:49:43 SAURUS paso a nivel 41 gano HP: 7
5/10/2020 00:49:43 SAURUS paso a nivel 42 gano HP: 10
5/10/2020 00:49:44 SAURUS paso a nivel 43 gano HP: 7
5/10/2020 00:49:44 SAURUS paso a nivel 44 gano HP: 9
5/10/2020 00:49:45 SAURUS paso a nivel 45 gano HP: 8
5/10/2020 00:49:46 SAURUS paso a nivel 46 gano HP: 8
5/10/2020 00:49:47 SAURUS paso a nivel 47 gano HP: 10
5/10/2020 00:49:48 SAURUS paso a nivel 48 gano HP: 8
5/10/2020 00:49:50 SAURUS paso a nivel 49 gano HP: 10
5/10/2020 00:49:52 SAURUS paso a nivel 50 gano HP: 9
