Línea 25: la clase SHDocVwCtl.WebBrowser del control webNoticias no era una clase de control cargada.
Línea 134: la clase SHDocVwCtl.WebBrowser del control WebAuxiliar no era una clase de control cargada.
Línea 31: el nombre de la propiedad ExtentX de webNoticias no es válido.
Línea 32: el nombre de la propiedad ExtentY de webNoticias no es válido.
Línea 33: el nombre de la propiedad ViewMode de webNoticias no es válido.
Línea 34: el nombre de la propiedad Offline de webNoticias no es válido.
Línea 35: el nombre de la propiedad Silent de webNoticias no es válido.
Línea 36: el nombre de la propiedad RegisterAsBrowser de webNoticias no es válido.
Línea 37: el nombre de la propiedad RegisterAsDropTarget de webNoticias no es válido.
Línea 38: el nombre de la propiedad AutoArrange de webNoticias no es válido.
Línea 39: el nombre de la propiedad NoClientEdge de webNoticias no es válido.
Línea 40: el nombre de la propiedad AlignLeft de webNoticias no es válido.
Línea 41: el nombre de la propiedad NoWebView de webNoticias no es válido.
Línea 42: el nombre de la propiedad HideFileNames de webNoticias no es válido.
Línea 43: el nombre de la propiedad SingleClick de webNoticias no es válido.
Línea 44: el nombre de la propiedad SingleSelection de webNoticias no es válido.
Línea 45: el nombre de la propiedad NoFolders de webNoticias no es válido.
Línea 46: el nombre de la propiedad Transparent de webNoticias no es válido.
Línea 47: el nombre de la propiedad ViewID de webNoticias no es válido.
Línea 48: el nombre de la propiedad Location de webNoticias no es válido.
Línea 141: el nombre de la propiedad ExtentX de WebAuxiliar no es válido.
Línea 142: el nombre de la propiedad ExtentY de WebAuxiliar no es válido.
Línea 143: el nombre de la propiedad ViewMode de WebAuxiliar no es válido.
Línea 144: el nombre de la propiedad Offline de WebAuxiliar no es válido.
Línea 145: el nombre de la propiedad Silent de WebAuxiliar no es válido.
Línea 146: el nombre de la propiedad RegisterAsBrowser de WebAuxiliar no es válido.
Línea 147: el nombre de la propiedad RegisterAsDropTarget de WebAuxiliar no es válido.
Línea 148: el nombre de la propiedad AutoArrange de WebAuxiliar no es válido.
Línea 149: el nombre de la propiedad NoClientEdge de WebAuxiliar no es válido.
Línea 150: el nombre de la propiedad AlignLeft de WebAuxiliar no es válido.
Línea 151: el nombre de la propiedad NoWebView de WebAuxiliar no es válido.
Línea 152: el nombre de la propiedad HideFileNames de WebAuxiliar no es válido.
Línea 153: el nombre de la propiedad SingleClick de WebAuxiliar no es válido.
Línea 154: el nombre de la propiedad SingleSelection de WebAuxiliar no es válido.
Línea 155: el nombre de la propiedad NoFolders de WebAuxiliar no es válido.
Línea 156: el nombre de la propiedad Transparent de WebAuxiliar no es válido.
Línea 157: el nombre de la propiedad ViewID de WebAuxiliar no es válido.
Línea 158: el nombre de la propiedad Location de WebAuxiliar no es válido.
